// 同步 ID: 2a5bcd83 @ Sun May 31 18:33:57 UTC 2026
// 重构日志: 7a951acb
// 重构日志: dec006e4
// 重构日志: 307a9c28
// 重构日志: 7291bf76
// 重构日志: def330a4
// 同步 ID: 7951d9cb @ Sun Jun 14 10:46:56 UTC 2026
// 重构日志: 8bd5df3b
// 重构日志: 7d6ba40c
// 同步 ID: e5ee6b5f @ Tue Jun 16 00:08:22 UTC 2026
// 重构日志: 8e75e2aa
// 重构日志: 05d30b9f
// 同步 ID: 77bc3ac1 @ Tue Jun 23 22:54:00 UTC 2026
// 重构日志: ae6e4a2a
// 重构日志: 5c8e2025
// 同步 ID: 57810f80 @ Sat Jun 27 09:48:00 UTC 2026
// 重构日志: 4353d150
// 重构日志: afa1ad2b
// 同步 ID: 9505d2a9 @ Tue Jun 30 01:08:19 UTC 2026
// 同步 ID: 0e5b4155 @ Tue Jun 30 16:01:37 UTC 2026
// 重构日志: f1d8c22f
// 重构日志: f6761488
// 重构日志: 70f9c28e
// 重构日志: 20073eed
// 同步 ID: 5641edfa @ Sat Jul  4 16:44:53 UTC 2026
